#
# There is insufficient memory for the Java Runtime Environment to continue.
# Native memory allocation (malloc) failed to allocate 35728 bytes. Error detail: Chunk::new
# Possible reasons:
#   The system is out of physical RAM or swap space
#   This process is running with CompressedOops enabled, and the Java Heap may be blocking the growth of the native heap
# Possible solutions:
#   Reduce memory load on the system
#   Increase physical memory or swap space
#   Check if swap backing store is full
#   Decrease Java heap size (-Xmx/-Xms)
#   Decrease number of Java threads
#   Decrease Java thread stack sizes (-Xss)
#   Set larger code cache with -XX:ReservedCodeCacheSize=
#   JVM is running with Unscaled Compressed Oops mode in which the Java heap is
#     placed in the first 4GB address space. The Java Heap base address is the
#     maximum limit for the native heap growth. Please use -XX:HeapBaseMinAddress
#     to set the Java Heap base and to place the Java Heap above 4GB virtual address.
# This output file may be truncated or incomplete.
#
#  Out of Memory Error (arena.cpp:168), pid=28512, tid=19892
#
# JRE version: OpenJDK Runtime Environment Temurin-21.0.10+7 (21.0.10+7) (build 21.0.10+7-LTS)
# Java VM: OpenJDK 64-Bit Server VM Temurin-21.0.10+7 (21.0.10+7-LTS, mixed mode, sharing, tiered, compressed oops, compressed class ptrs, parallel gc, windows-amd64)
# No core dump will be written. Minidumps are not enabled by default on client versions of Windows
#

---------------  S U M M A R Y ------------

Command Line: --add-modules=ALL-SYSTEM --add-opens=java.base/java.util=ALL-UNNAMED --add-opens=java.base/java.lang=ALL-UNNAMED --add-opens=java.base/sun.nio.fs=ALL-UNNAMED -Declipse.application=org.eclipse.jdt.ls.core.id1 -Dosgi.bundles.defaultStartLevel=4 -Declipse.product=org.eclipse.jdt.ls.core.product -Djava.import.generatesMetadataFilesAtProjectRoot=false -DDetectVMInstallationsJob.disabled=true -Dfile.encoding=utf8 -XX:+UseParallelGC -XX:GCTimeRatio=4 -XX:AdaptiveSizePolicyWeight=90 -Dsun.zip.disableMemoryMapping=true -Xmx2G -Xms100m -Xlog:disable -javaagent:c:\Users\msi\.vscode\extensions\redhat.java-1.53.0-win32-x64\lombok\lombok-1.18.39-4050.jar c:\Users\msi\.vscode\extensions\redhat.java-1.53.0-win32-x64\server\plugins\org.eclipse.equinox.launcher_1.7.100.v20251111-0406.jar -configuration c:\Users\msi\AppData\Roaming\Code\User\globalStorage\redhat.java\1.53.0\config_ss_win -data c:\Users\msi\AppData\Roaming\Code\User\workspaceStorage\86b507d4532ba4920f5683f1124796aa\redhat.java\ss_ws --pipe=\\.\pipe\lsp-085a0bda765511c8ee12102fde55321b-sock

Host: 11th Gen Intel(R) Core(TM) i5-11400H @ 2.70GHz, 12 cores, 15G,  Windows 11 , 64 bit Build 26100 (10.0.26100.7920)
Time: Sat Apr  4 22:38:36 2026 Sri Lanka Standard Time elapsed time: 1.819960 seconds (0d 0h 0m 1s)

---------------  T H R E A D  ---------------

Current thread (0x0000021ffd1855b0):  JavaThread "C2 CompilerThread2" daemon [_thread_in_native, id=19892, stack(0x000000d2d4700000,0x000000d2d4800000) (1024K)]


Current CompileTask:
C2:1820 1322       4       org.eclipse.osgi.container.ModuleDatabase$Persistence::readString0 (98 bytes)

Stack: [0x000000d2d4700000,0x000000d2d4800000]
Native frames: (J=compiled Java code, j=interpreted, Vv=VM code, C=native code)
V  [jvm.dll+0x6d7a39]
V  [jvm.dll+0x8b4b26]
V  [jvm.dll+0x8b70de]
V  [jvm.dll+0x8b77c3]
V  [jvm.dll+0x284346]
V  [jvm.dll+0xc66ed]
V  [jvm.dll+0xc6c31]
V  [jvm.dll+0x14214f]
V  [jvm.dll+0x666573]
V  [jvm.dll+0x664a7b]
V  [jvm.dll+0x24c3db]
V  [jvm.dll+0x24bb40]
V  [jvm.dll+0x1cb34e]
V  [jvm.dll+0x25b85d]
V  [jvm.dll+0x259dea]
V  [jvm.dll+0x3f857e]
V  [jvm.dll+0x85f59d]
V  [jvm.dll+0x6d626d]
C  [ucrtbase.dll+0x37b0]
C  [KERNEL32.DLL+0x2e8d7]
C  [ntdll.dll+0x8c48c]


---------------  P R O C E S S  ---------------

Threads class SMR info:
_java_thread_list=0x0000021ff8817f30, length=13, elements={
0x0000021fec0cea20, 0x0000021fee4a5400, 0x0000021fee3ac270, 0x0000021fee4a8350,
0x0000021fee4aaec0, 0x0000021fee4ad930, 0x0000021fee4ae390, 0x0000021fee4b15e0,
0x0000021fee4b91b0, 0x0000021ff736bfa0, 0x0000021ff7453140, 0x0000021ff88b88f0,
0x0000021ffd1855b0
}

Java Threads: ( => current thread )
  0x0000021fec0cea20 JavaThread "main"                              [_thread_in_vm, id=3156, stack(0x000000d2d3200000,0x000000d2d3300000) (1024K)]
  0x0000021fee4a5400 JavaThread "Reference Handler"          daemon [_thread_blocked, id=28124, stack(0x000000d2d3600000,0x000000d2d3700000) (1024K)]
  0x0000021fee3ac270 JavaThread "Finalizer"                  daemon [_thread_blocked, id=27044, stack(0x000000d2d3700000,0x000000d2d3800000) (1024K)]
  0x0000021fee4a8350 JavaThread "Signal Dispatcher"          daemon [_thread_blocked, id=27676, stack(0x000000d2d3800000,0x000000d2d3900000) (1024K)]
  0x0000021fee4aaec0 JavaThread "Attach Listener"            daemon [_thread_blocked, id=6192, stack(0x000000d2d3900000,0x000000d2d3a00000) (1024K)]
  0x0000021fee4ad930 JavaThread "Service Thread"             daemon [_thread_blocked, id=4248, stack(0x000000d2d3a00000,0x000000d2d3b00000) (1024K)]
  0x0000021fee4ae390 JavaThread "Monitor Deflation Thread"   daemon [_thread_blocked, id=25428, stack(0x000000d2d3b00000,0x000000d2d3c00000) (1024K)]
  0x0000021fee4b15e0 JavaThread "C2 CompilerThread0"         daemon [_thread_in_native, id=27760, stack(0x000000d2d3c00000,0x000000d2d3d00000) (1024K)]
  0x0000021fee4b91b0 JavaThread "C1 CompilerThread0"         daemon [_thread_in_native, id=27148, stack(0x000000d2d3d00000,0x000000d2d3e00000) (1024K)]
  0x0000021ff736bfa0 JavaThread "Common-Cleaner"             daemon [_thread_blocked, id=16656, stack(0x000000d2d3f00000,0x000000d2d4000000) (1024K)]
  0x0000021ff7453140 JavaThread "Notification Thread"        daemon [_thread_blocked, id=9112, stack(0x000000d2d3e00000,0x000000d2d3f00000) (1024K)]
  0x0000021ff88b88f0 JavaThread "C2 CompilerThread1"         daemon [_thread_blocked, id=27748, stack(0x000000d2d4000000,0x000000d2d4100000) (1024K)]
=>0x0000021ffd1855b0 JavaThread "C2 CompilerThread2"         daemon [_thread_in_native, id=19892, stack(0x000000d2d4700000,0x000000d2d4800000) (1024K)]
Total: 13

Other Threads:
  0x0000021ff71210a0 VMThread "VM Thread"                           [id=17468, stack(0x000000d2d3500000,0x000000d2d3600000) (1024K)]
  0x0000021fee46d6b0 WatcherThread "VM Periodic Task Thread"        [id=3928, stack(0x000000d2d3400000,0x000000d2d3500000) (1024K)]
  0x0000021fee4206c0 WorkerThread "GC Thread#0"                     [id=28480, stack(0x000000d2d3300000,0x000000d2d3400000) (1024K)]
  0x0000021ff7439c20 WorkerThread "GC Thread#1"                     [id=27656, stack(0x000000d2d4100000,0x000000d2d4200000) (1024K)]
  0x0000021ff743a730 WorkerThread "GC Thread#2"                     [id=27724, stack(0x000000d2d4200000,0x000000d2d4300000) (1024K)]
  0x0000021ff743b240 WorkerThread "GC Thread#3"                     [id=16572, stack(0x000000d2d4300000,0x000000d2d4400000) (1024K)]
  0x0000021ff7439fd0 WorkerThread "GC Thread#4"                     [id=28156, stack(0x000000d2d4400000,0x000000d2d4500000) (1024K)]
  0x0000021ff743b5f0 WorkerThread "GC Thread#5"                     [id=28264, stack(0x000000d2d4500000,0x000000d2d4600000) (1024K)]
  0x0000021ff743aae0 WorkerThread "GC Thread#6"                     [id=26804, stack(0x000000d2d4600000,0x000000d2d4700000) (1024K)]
Total: 9

Threads with active compile tasks:
C2 CompilerThread0  1840 1334       4       lombok.launch.PackageShader::apply (252 bytes)
C2 CompilerThread2  1841 1322       4       org.eclipse.osgi.container.ModuleDatabase$Persistence::readString0 (98 bytes)
Total: 2

VM state: not at safepoint (normal execution)

VM Mutex/Monitor currently owned by a thread: None

Heap address: 0x0000000080000000, size: 2048 MB, Compressed Oops mode: 32-bit

CDS archive(s) mapped at: [0x0000021f8f000000-0x0000021f8fba0000-0x0000021f8fba0000), size 12189696, SharedBaseAddress: 0x0000021f8f000000, ArchiveRelocationMode: 1.
Compressed class space mapped at: 0x0000021f90000000-0x0000021fd0000000, reserved size: 1073741824
Narrow klass base: 0x0000021f8f000000, Narrow klass shift: 0, Narrow klass range: 0x100000000

GC Precious Log:
 CardTable entry size: 512
 CPUs: 12 total, 12 available
 Memory: 16085M
 Large Page Support: Disabled
 NUMA Support: Disabled
 Compressed Oops: Enabled (32-bit)
 Alignments: Space 512K, Generation 512K, Heap 2M
 Heap Min Capacity: 100M
 Heap Initial Capacity: 100M
 Heap Max Capacity: 2G
 Pre-touch: Disabled
 Parallel Workers: 10

Heap:
 PSYoungGen      total 29696K, used 11876K [0x00000000d5580000, 0x00000000d7680000, 0x0000000100000000)
  eden space 25600K, 33% used [0x00000000d5580000,0x00000000d5ddd040,0x00000000d6e80000)
  from space 4096K, 80% used [0x00000000d6e80000,0x00000000d71bc148,0x00000000d7280000)
  to   space 4096K, 0% used [0x00000000d7280000,0x00000000d7280000,0x00000000d7680000)
 ParOldGen       total 68608K, used 16K [0x0000000080000000, 0x0000000084300000, 0x00000000d5580000)
  object space 68608K, 0% used [0x0000000080000000,0x0000000080004000,0x0000000084300000)
 Metaspace       used 6029K, committed 6272K, reserved 1114112K
  class space    used 620K, committed 768K, reserved 1048576K

Card table byte_map: [0x0000021fedda0000,0x0000021fee1b0000] _byte_map_base: 0x0000021fed9a0000

Marking Bits: (ParMarkBitMap*) 0x00007ff8fd9b3450
 Begin Bits: [0x0000021ff18b0000, 0x0000021ff38b0000)
 End Bits:   [0x0000021ff38b0000, 0x0000021ff58b0000)

Polling page: 0x0000021fec1c0000

Metaspace:

Usage:
  Non-class:      5.28 MB used.
      Class:    621.48 KB used.
       Both:      5.89 MB used.

Virtual space:
  Non-class space:       64.00 MB reserved,       5.38 MB (  8%) committed,  1 nodes.
      Class space:        1.00 GB reserved,     768.00 KB ( <1%) committed,  1 nodes.
             Both:        1.06 GB reserved,       6.12 MB ( <1%) committed. 

Chunk freelists:
   Non-Class:  10.06 MB
       Class:  15.08 MB
        Both:  25.14 MB

MaxMetaspaceSize: unlimited
CompressedClassSpaceSize: 1.00 GB
Initial GC threshold: 21.00 MB
Current GC threshold: 21.00 MB
CDS: on
 - commit_granule_bytes: 65536.
 - commit_granule_words: 8192.
 - virtual_space_node_default_size: 8388608.
 - enlarge_chunks_in_place: 1.
 - use_allocation_guard: 0.


Internal statistics:

num_allocs_failed_limit: 0.
num_arena_births: 190.
num_arena_deaths: 0.
num_vsnodes_births: 2.
num_vsnodes_deaths: 0.
num_space_committed: 98.
num_space_uncommitted: 0.
num_chunks_returned_to_freelist: 0.
num_chunks_taken_from_freelist: 313.
num_chunk_merges: 0.
num_chunk_splits: 200.
num_chunks_enlarged: 126.
num_inconsistent_stats: 0.

CodeHeap 'non-profiled nmethods': size=120000Kb used=560Kb max_used=560Kb free=119439Kb
 bounds [0x0000021f87ad0000, 0x0000021f87d40000, 0x0000021f8f000000]
CodeHeap 'profiled nmethods': size=120000Kb used=2270Kb max_used=2270Kb free=117729Kb
 bounds [0x0000021f80000000, 0x0000021f80270000, 0x0000021f87530000]
CodeHeap 'non-nmethods': size=5760Kb used=1216Kb max_used=1243Kb free=4543Kb
 bounds [0x0000021f87530000, 0x0000021f877a0000, 0x0000021f87ad0000]
CodeCache: size=245760Kb, used=4046Kb, max_used=4073Kb, free=241711Kb
 total_blobs=1808, nmethods=1337, adapters=378, full_count=0
Compilation: enabled, stopped_count=0, restarted_count=0

Compilation events (20 events):
Event: 1.725 Thread 0x0000021fee4b91b0 1323       3       sun.net.www.protocol.jar.Handler::checkNestedProtocol (18 bytes)
Event: 1.725 Thread 0x0000021ffd1855b0 nmethod 1316 0x0000021f87b50310 code [0x0000021f87b504a0, 0x0000021f87b50558]
Event: 1.725 Thread 0x0000021ffd1855b0 1301       4       java.util.concurrent.locks.ReentrantLock$Sync::tryRelease (51 bytes)
Event: 1.725 Thread 0x0000021fee4b91b0 nmethod 1323 0x0000021f8022a410 code [0x0000021f8022a5c0, 0x0000021f8022a798]
Event: 1.726 Thread 0x0000021ffd1855b0 nmethod 1301 0x0000021f87b50610 code [0x0000021f87b507a0, 0x0000021f87b50890]
Event: 1.726 Thread 0x0000021ffd1855b0 1303       4       java.io.BufferedInputStream::getBufIfOpen (61 bytes)
Event: 1.726 Thread 0x0000021ffd1855b0 nmethod 1303 0x0000021f87b50990 code [0x0000021f87b50b20, 0x0000021f87b50bf8]
Event: 1.726 Thread 0x0000021ffd1855b0 1309   !   4       java.io.BufferedInputStream::read (69 bytes)
Event: 1.737 Thread 0x0000021ffd1855b0 nmethod 1309 0x0000021f87b50c90 code [0x0000021f87b50f00, 0x0000021f87b519e0]
Event: 1.737 Thread 0x0000021ffd1855b0 1304       4       java.io.BufferedInputStream::read1 (121 bytes)
Event: 1.737 Thread 0x0000021ff88b88f0 nmethod 1308 0x0000021f87b52490 code [0x0000021f87b52740, 0x0000021f87b53df8]
Event: 1.738 Thread 0x0000021ff88b88f0 1317   !   4       java.io.BufferedInputStream::read (54 bytes)
Event: 1.740 Thread 0x0000021ffd1855b0 nmethod 1304 0x0000021f87b54b90 code [0x0000021f87b54d60, 0x0000021f87b55098]
Event: 1.740 Thread 0x0000021ffd1855b0 1318       4       java.io.BufferedInputStream::implRead (49 bytes)
Event: 1.741 Thread 0x0000021ffd1855b0 nmethod 1318 0x0000021f87b55310 code [0x0000021f87b554c0, 0x0000021f87b55620]
Event: 1.741 Thread 0x0000021ffd1855b0 1320       4       java.util.ArrayList::get (15 bytes)
Event: 1.742 Thread 0x0000021ffd1855b0 nmethod 1320 0x0000021f87b55790 code [0x0000021f87b55920, 0x0000021f87b55a38]
Event: 1.742 Thread 0x0000021ff88b88f0 nmethod 1317 0x0000021f87b55b90 code [0x0000021f87b55d60, 0x0000021f87b560d8]
Event: 1.742 Thread 0x0000021ffd1855b0 1322       4       org.eclipse.osgi.container.ModuleDatabase$Persistence::readString0 (98 bytes)
Event: 1.752 Thread 0x0000021fee4b15e0 nmethod 1297 0x0000021f87b56510 code [0x0000021f87b56860, 0x0000021f87b591a8]

GC Heap History (2 events):
Event: 1.532 GC heap before
{Heap before GC invocations=1 (full 0):
 PSYoungGen      total 29696K, used 25600K [0x00000000d5580000, 0x00000000d7680000, 0x0000000100000000)
  eden space 25600K, 100% used [0x00000000d5580000,0x00000000d6e80000,0x00000000d6e80000)
  from space 4096K, 0% used [0x00000000d7280000,0x00000000d7280000,0x00000000d7680000)
  to   space 4096K, 0% used [0x00000000d6e80000,0x00000000d6e80000,0x00000000d7280000)
 ParOldGen       total 68608K, used 0K [0x0000000080000000, 0x0000000084300000, 0x00000000d5580000)
  object space 68608K, 0% used [0x0000000080000000,0x0000000080000000,0x0000000084300000)
 Metaspace       used 4352K, committed 4608K, reserved 1114112K
  class space    used 474K, committed 576K, reserved 1048576K
}
Event: 1.539 GC heap after
{Heap after GC invocations=1 (full 0):
 PSYoungGen      total 29696K, used 3312K [0x00000000d5580000, 0x00000000d7680000, 0x0000000100000000)
  eden space 25600K, 0% used [0x00000000d5580000,0x00000000d5580000,0x00000000d6e80000)
  from space 4096K, 80% used [0x00000000d6e80000,0x00000000d71bc148,0x00000000d7280000)
  to   space 4096K, 0% used [0x00000000d7280000,0x00000000d7280000,0x00000000d7680000)
 ParOldGen       total 68608K, used 16K [0x0000000080000000, 0x0000000084300000, 0x00000000d5580000)
  object space 68608K, 0% used [0x0000000080000000,0x0000000080004000,0x0000000084300000)
 Metaspace       used 4352K, committed 4608K, reserved 1114112K
  class space    used 474K, committed 576K, reserved 1048576K
}

Dll operation events (8 events):
Event: 0.152 Loaded shared library c:\Users\msi\.vscode\extensions\redhat.java-1.53.0-win32-x64\jre\21.0.10-win32-x86_64\bin\java.dll
Event: 0.320 Loaded shared library c:\Users\msi\.vscode\extensions\redhat.java-1.53.0-win32-x64\jre\21.0.10-win32-x86_64\bin\zip.dll
Event: 0.342 Loaded shared library C:\Users\msi\.vscode\extensions\redhat.java-1.53.0-win32-x64\jre\21.0.10-win32-x86_64\bin\instrument.dll
Event: 0.348 Loaded shared library C:\Users\msi\.vscode\extensions\redhat.java-1.53.0-win32-x64\jre\21.0.10-win32-x86_64\bin\net.dll
Event: 0.350 Loaded shared library C:\Users\msi\.vscode\extensions\redhat.java-1.53.0-win32-x64\jre\21.0.10-win32-x86_64\bin\nio.dll
Event: 0.353 Loaded shared library C:\Users\msi\.vscode\extensions\redhat.java-1.53.0-win32-x64\jre\21.0.10-win32-x86_64\bin\zip.dll
Event: 0.458 Loaded shared library C:\Users\msi\.vscode\extensions\redhat.java-1.53.0-win32-x64\jre\21.0.10-win32-x86_64\bin\jimage.dll
Event: 0.900 Loaded shared library c:\Users\msi\.vscode\extensions\redhat.java-1.53.0-win32-x64\jre\21.0.10-win32-x86_64\bin\verify.dll

Deoptimization events (20 events):
Event: 1.584 Thread 0x0000021fec0cea20 Uncommon trap: trap_request=0xffffff45 fr.pc=0x0000021f87b3973c relative=0x000000000000027c
Event: 1.584 Thread 0x0000021fec0cea20 Uncommon trap: reason=unstable_if action=reinterpret pc=0x0000021f87b3973c method=java.util.HashMap.hash(Ljava/lang/Object;)I @ 1 c2
Event: 1.584 Thread 0x0000021fec0cea20 DEOPT PACKING pc=0x0000021f87b3973c sp=0x000000d2d32fe900
Event: 1.584 Thread 0x0000021fec0cea20 DEOPT UNPACKING pc=0x0000021f87586da2 sp=0x000000d2d32fe808 mode 2
Event: 1.584 Thread 0x0000021fec0cea20 Uncommon trap: trap_request=0xffffff45 fr.pc=0x0000021f87b33e50 relative=0x00000000000000b0
Event: 1.584 Thread 0x0000021fec0cea20 Uncommon trap: reason=unstable_if action=reinterpret pc=0x0000021f87b33e50 method=java.util.HashMap.hash(Ljava/lang/Object;)I @ 1 c2
Event: 1.584 Thread 0x0000021fec0cea20 DEOPT PACKING pc=0x0000021f87b33e50 sp=0x000000d2d32fe9b0
Event: 1.584 Thread 0x0000021fec0cea20 DEOPT UNPACKING pc=0x0000021f87586da2 sp=0x000000d2d32fe948 mode 2
Event: 1.584 Thread 0x0000021fec0cea20 Uncommon trap: trap_request=0xffffffde fr.pc=0x0000021f87b153b4 relative=0x0000000000000594
Event: 1.584 Thread 0x0000021fec0cea20 Uncommon trap: reason=class_check action=maybe_recompile pc=0x0000021f87b153b4 method=java.util.Collections$UnmodifiableCollection$1.<init>(Ljava/util/Collections$UnmodifiableCollection;)V @ 17 c2
Event: 1.584 Thread 0x0000021fec0cea20 DEOPT PACKING pc=0x0000021f87b153b4 sp=0x000000d2d32fe9e0
Event: 1.584 Thread 0x0000021fec0cea20 DEOPT UNPACKING pc=0x0000021f87586da2 sp=0x000000d2d32fe928 mode 2
Event: 1.653 Thread 0x0000021fec0cea20 Uncommon trap: trap_request=0xffffff45 fr.pc=0x0000021f87b1e378 relative=0x0000000000000198
Event: 1.653 Thread 0x0000021fec0cea20 Uncommon trap: reason=unstable_if action=reinterpret pc=0x0000021f87b1e378 method=java.lang.invoke.VarHandle.checkAccessModeThenIsDirect(Ljava/lang/invoke/VarHandle$AccessDescriptor;)Z @ 4 c2
Event: 1.653 Thread 0x0000021fec0cea20 DEOPT PACKING pc=0x0000021f87b1e378 sp=0x000000d2d32fe990
Event: 1.653 Thread 0x0000021fec0cea20 DEOPT UNPACKING pc=0x0000021f87586da2 sp=0x000000d2d32fe8e8 mode 2
Event: 1.691 Thread 0x0000021fec0cea20 Uncommon trap: trap_request=0xffffffde fr.pc=0x0000021f87b2144c relative=0x000000000000052c
Event: 1.691 Thread 0x0000021fec0cea20 Uncommon trap: reason=class_check action=maybe_recompile pc=0x0000021f87b2144c method=java.util.Collections$UnmodifiableCollection$1.<init>(Ljava/util/Collections$UnmodifiableCollection;)V @ 17 c2
Event: 1.691 Thread 0x0000021fec0cea20 DEOPT PACKING pc=0x0000021f87b2144c sp=0x000000d2d32fea10
Event: 1.691 Thread 0x0000021fec0cea20 DEOPT UNPACKING pc=0x0000021f87586da2 sp=0x000000d2d32fe9c8 mode 2

Classes loaded (20 events):
Event: 1.692 Loading class java/util/AbstractQueue done
Event: 1.692 Loading class java/util/concurrent/SynchronousQueue done
Event: 1.692 Loading class java/util/concurrent/SynchronousQueue$Transferer
Event: 1.692 Loading class java/util/concurrent/LinkedTransferQueue
Event: 1.693 Loading class java/util/concurrent/TransferQueue
Event: 1.693 Loading class java/util/concurrent/TransferQueue done
Event: 1.693 Loading class java/util/concurrent/LinkedTransferQueue done
Event: 1.693 Loading class java/util/concurrent/SynchronousQueue$Transferer done
Event: 1.693 Loading class java/util/concurrent/LinkedTransferQueue$DualNode
Event: 1.693 Loading class java/util/concurrent/LinkedTransferQueue$DualNode done
Event: 1.694 Loading class java/util/concurrent/RejectedExecutionHandler
Event: 1.695 Loading class java/util/concurrent/RejectedExecutionHandler done
Event: 1.695 Loading class java/util/concurrent/LinkedBlockingQueue
Event: 1.695 Loading class java/util/concurrent/LinkedBlockingQueue done
Event: 1.695 Loading class java/util/concurrent/LinkedBlockingQueue$Node
Event: 1.695 Loading class java/util/concurrent/LinkedBlockingQueue$Node done
Event: 1.705 Loading class java/util/concurrent/Semaphore$NonfairSync
Event: 1.705 Loading class java/util/concurrent/Semaphore$Sync
Event: 1.706 Loading class java/util/concurrent/Semaphore$Sync done
Event: 1.706 Loading class java/util/concurrent/Semaphore$NonfairSync done

Classes unloaded (0 events):
No events

Classes redefined (0 events):
No events

Internal exceptions (20 events):
Event: 1.211 Thread 0x0000021fec0cea20 Exception <a 'java/io/FileNotFoundException'{0x00000000d64cf578}> (0x00000000d64cf578) 
thrown [s\src\hotspot\share\prims\jni.cpp, line 520]
Event: 1.212 Thread 0x0000021fec0cea20 Exception <a 'java/io/FileNotFoundException'{0x00000000d64d00b0}> (0x00000000d64d00b0) 
thrown [s\src\hotspot\share\prims\jni.cpp, line 520]
Event: 1.215 Thread 0x0000021fec0cea20 Implicit null exception at 0x0000021f87b02324 to 0x0000021f87b02924
Event: 1.215 Thread 0x0000021fec0cea20 Implicit null exception at 0x0000021f87b032a0 to 0x0000021f87b03898
Event: 1.217 Thread 0x0000021fec0cea20 Exception <a 'java/io/FileNotFoundException'{0x00000000d650a238}> (0x00000000d650a238) 
thrown [s\src\hotspot\share\prims\jni.cpp, line 520]
Event: 1.233 Thread 0x0000021fec0cea20 Exception <a 'java/lang/NoSuchMethodError'{0x00000000d6546bc0}: 'java.lang.Object java.lang.invoke.DirectMethodHandle$Holder.invokeInterface(java.lang.Object, java.lang.Object)'> (0x00000000d6546bc0) 
thrown [s\src\hotspot\share\interpreter\linkResolver.cpp, line 773]
Event: 1.236 Thread 0x0000021fec0cea20 Exception <a 'java/lang/NoSuchMethodError'{0x00000000d655a628}: 'java.lang.Object java.lang.invoke.Invokers$Holder.invokeExact_MT(java.lang.Object, java.lang.Object, java.lang.Object, java.lang.Object, java.lang.Object, java.lang.Object)'> (0x00000000d655a628) 
thrown [s\src\hotspot\share\interpreter\linkResolver.cpp, line 773]
Event: 1.240 Thread 0x0000021fec0cea20 Exception <a 'java/lang/NoSuchMethodError'{0x00000000d6571700}: 'int java.lang.invoke.DirectMethodHandle$Holder.invokeStatic(java.lang.Object, java.lang.Object, java.lang.Object, java.lang.Object, java.lang.Object)'> (0x00000000d6571700) 
thrown [s\src\hotspot\share\interpreter\linkResolver.cpp, line 773]
Event: 1.278 Thread 0x0000021fec0cea20 Exception <a 'java/lang/NoSuchMethodError'{0x00000000d66074e8}: 'java.lang.Object java.lang.invoke.DirectMethodHandle$Holder.invokeInterface(java.lang.Object, java.lang.Object, int)'> (0x00000000d66074e8) 
thrown [s\src\hotspot\share\interpreter\linkResolver.cpp, line 773]
Event: 1.473 Thread 0x0000021fec0cea20 Exception <a 'java/lang/NoSuchMethodError'{0x00000000d6a6e3f8}: 'java.lang.ClassLoader java.lang.ClassLoader.getPlatformClassLoader(java.lang.Class)'> (0x00000000d6a6e3f8) 
thrown [s\src\hotspot\share\interpreter\linkResolver.cpp, line 773]
Event: 1.541 Thread 0x0000021fec0cea20 Exception <a 'java/lang/ClassNotFoundException'{0x00000000d558a110}: sun/net/www/protocol/c/Handler> (0x00000000d558a110) 
thrown [s\src\hotspot\share\classfile\systemDictionary.cpp, line 312]
Event: 1.541 Thread 0x0000021fec0cea20 Exception <a 'java/lang/ClassNotFoundException'{0x00000000d558b4d0}: sun/net/www/protocol/c/Handler> (0x00000000d558b4d0) 
thrown [s\src\hotspot\share\classfile\systemDictionary.cpp, line 312]
Event: 1.541 Thread 0x0000021fec0cea20 Exception <a 'java/lang/ClassNotFoundException'{0x00000000d558c6e0}: sun/net/www/protocol/c/Handler> (0x00000000d558c6e0) 
thrown [s\src\hotspot\share\classfile\systemDictionary.cpp, line 312]
Event: 1.549 Thread 0x0000021fec0cea20 Exception <a 'java/io/FileNotFoundException'{0x00000000d55b4aa8}> (0x00000000d55b4aa8) 
thrown [s\src\hotspot\share\prims\jni.cpp, line 520]
Event: 1.581 Thread 0x0000021fec0cea20 Implicit null exception at 0x0000021f87b2ff49 to 0x0000021f87b308dc
Event: 1.582 Thread 0x0000021fec0cea20 Implicit null exception at 0x0000021f87b3671a to 0x0000021f87b36920
Event: 1.582 Thread 0x0000021fec0cea20 Exception <a 'java/lang/NoSuchMethodError'{0x00000000d56e3f28}: 'void java.lang.invoke.DirectMethodHandle$Holder.invokeStatic(java.lang.Object, java.lang.Object, java.lang.Object, java.lang.Object)'> (0x00000000d56e3f28) 
thrown [s\src\hotspot\share\interpreter\linkResolver.cpp, line 773]
Event: 1.584 Thread 0x0000021fec0cea20 Implicit null exception at 0x0000021f87b3951a to 0x0000021f87b39724
Event: 1.584 Thread 0x0000021fec0cea20 Implicit null exception at 0x0000021f87b33dbd to 0x0000021f87b33e41
Event: 1.668 Thread 0x0000021fec0cea20 Exception <a 'java/lang/NoSuchMethodError'{0x00000000d59a72b0}: 'void java.lang.invoke.DirectMethodHandle$Holder.invokeSpecial(java.lang.Object, java.lang.Object, java.lang.Object)'> (0x00000000d59a72b0) 
thrown [s\src\hotspot\share\interpreter\linkResolver.cpp, line 773]

ZGC Phase Switch (0 events):
No events

VM Operations (14 events):
Event: 0.318 Executing non-safepoint VM operation: HandshakeAllThreads (Deoptimize)
Event: 0.318 Executing non-safepoint VM operation: HandshakeAllThreads (Deoptimize) done
Event: 0.469 Executing non-safepoint VM operation: HandshakeAllThreads (Deoptimize)
Event: 0.469 Executing non-safepoint VM operation: HandshakeAllThreads (Deoptimize) done
Event: 1.171 Executing non-safepoint VM operation: HandshakeAllThreads (Deoptimize)
Event: 1.171 Executing non-safepoint VM operation: HandshakeAllThreads (Deoptimize) done
Event: 1.186 Executing non-safepoint VM operation: HandshakeAllThreads (Deoptimize)
Event: 1.186 Executing non-safepoint VM operation: HandshakeAllThreads (Deoptimize) done
Event: 1.186 Executing safepoint VM operation: Cleanup
Event: 1.186 Executing safepoint VM operation: Cleanup done
Event: 1.515 Executing non-safepoint VM operation: HandshakeAllThreads (Deoptimize)
Event: 1.515 Executing non-safepoint VM operation: HandshakeAllThreads (Deoptimize) done
Event: 1.532 Executing safepoint VM operation: ParallelGCFailedAllocation (Allocation Failure)
Event: 1.539 Executing safepoint VM operation: ParallelGCFailedAllocation (Allocation Failure) done

Memory protections (0 events):
No events

Nmethod flushes (0 events):
No events

Events (19 events):
Event: 0.168 Thread 0x0000021fec0cea20 Thread added: 0x0000021fec0cea20
Event: 0.184 Thread 0x0000021fec0cea20 Thread added: 0x0000021fee4a5400
Event: 0.184 Thread 0x0000021fec0cea20 Thread added: 0x0000021fee3ac270
Event: 0.184 Thread 0x0000021fec0cea20 Thread added: 0x0000021fee4a8350
Event: 0.185 Thread 0x0000021fec0cea20 Thread added: 0x0000021fee4aaec0
Event: 0.185 Thread 0x0000021fec0cea20 Thread added: 0x0000021fee4ad930
Event: 0.185 Thread 0x0000021fec0cea20 Thread added: 0x0000021fee4ae390
Event: 0.185 Thread 0x0000021fec0cea20 Thread added: 0x0000021fee4b15e0
Event: 0.185 Thread 0x0000021fec0cea20 Thread added: 0x0000021fee4b91b0
Event: 0.328 Thread 0x0000021fee4b91b0 Thread added: 0x0000021ff730a130
Event: 0.344 Thread 0x0000021fec0cea20 Thread added: 0x0000021ff736bfa0
Event: 0.445 Thread 0x0000021ff730a130 Thread exited: 0x0000021ff730a130
Event: 1.003 Thread 0x0000021fec0cea20 Thread added: 0x0000021ff7453140
Event: 1.115 Thread 0x0000021fee4b91b0 Thread added: 0x0000021ff816b5f0
Event: 1.115 Thread 0x0000021fee4b91b0 Thread added: 0x0000021ff816e820
Event: 1.379 Thread 0x0000021ff816e820 Thread exited: 0x0000021ff816e820
Event: 1.394 Thread 0x0000021ff816b5f0 Thread exited: 0x0000021ff816b5f0
Event: 1.403 Thread 0x0000021fee4b91b0 Thread added: 0x0000021ff88b88f0
Event: 1.717 Thread 0x0000021ff88b88f0 Thread added: 0x0000021ffd1855b0


Dynamic libraries:
0x00007ff62acc0000 - 0x00007ff62acce000 	c:\Users\msi\.vscode\extensions\redhat.java-1.53.0-win32-x64\jre\21.0.10-win32-x86_64\bin\java.exe
0x00007ff9aa660000 - 0x00007ff9aa8c7000 	C:\WINDOWS\SYSTEM32\ntdll.dll
0x00007ff9a9400000 - 0x00007ff9a94c9000 	C:\WINDOWS\System32\KERNEL32.DLL
0x00007ff9a71f0000 - 0x00007ff9a75e1000 	C:\WINDOWS\System32\KERNELBASE.dll
0x00007ff9a7f40000 - 0x00007ff9a808b000 	C:\WINDOWS\System32\ucrtbase.dll
0x00007ff980e40000 - 0x00007ff980e58000 	c:\Users\msi\.vscode\extensions\redhat.java-1.53.0-win32-x64\jre\21.0.10-win32-x86_64\bin\jli.dll
0x00007ff9a8a10000 - 0x00007ff9a8bd5000 	C:\WINDOWS\System32\USER32.dll
0x00007ff9a7f10000 - 0x00007ff9a7f37000 	C:\WINDOWS\System32\win32u.dll
0x00007ff98b070000 - 0x00007ff98b08e000 	c:\Users\msi\.vscode\extensions\redhat.java-1.53.0-win32-x64\jre\21.0.10-win32-x86_64\bin\VCRUNTIME140.dll
0x00007ff9a8610000 - 0x00007ff9a863b000 	C:\WINDOWS\System32\GDI32.dll
0x00007ff9a8150000 - 0x00007ff9a827b000 	C:\WINDOWS\System32\gdi32full.dll
0x00007ff9a7140000 - 0x00007ff9a71e3000 	C:\WINDOWS\System32\msvcp_win.dll
0x00007ff98d120000 - 0x00007ff98d3b3000 	C:\WINDOWS\WinSxS\amd64_microsoft.windows.common-controls_6595b64144ccf1df_6.0.26100.8037_none_3e092faae333b53b\COMCTL32.dll
0x00007ff9a8560000 - 0x00007ff9a8609000 	C:\WINDOWS\System32\msvcrt.dll
0x00007ff9a8510000 - 0x00007ff9a8541000 	C:\WINDOWS\System32\IMM32.DLL
0x00007ff9920a0000 - 0x00007ff9920ac000 	c:\Users\msi\.vscode\extensions\redhat.java-1.53.0-win32-x64\jre\21.0.10-win32-x86_64\bin\vcruntime140_1.dll
0x00007ff95e040000 - 0x00007ff95e0cd000 	c:\Users\msi\.vscode\extensions\redhat.java-1.53.0-win32-x64\jre\21.0.10-win32-x86_64\bin\msvcp140.dll
0x00007ff8fccf0000 - 0x00007ff8fda91000 	c:\Users\msi\.vscode\extensions\redhat.java-1.53.0-win32-x64\jre\21.0.10-win32-x86_64\bin\server\jvm.dll
0x00007ff9a9860000 - 0x00007ff9a991b000 	C:\WINDOWS\System32\ADVAPI32.dll
0x00007ff9a9350000 - 0x00007ff9a93f7000 	C:\WINDOWS\System32\sechost.dll
0x00007ff9a88e0000 - 0x00007ff9a89f8000 	C:\WINDOWS\System32\RPCRT4.dll
0x00007ff9a8640000 - 0x00007ff9a86b4000 	C:\WINDOWS\System32\WS2_32.dll
0x00007ff9a6da0000 - 0x00007ff9a6dfe000 	C:\WINDOWS\SYSTEM32\POWRPROF.dll
0x00007ff99b920000 - 0x00007ff99b955000 	C:\WINDOWS\SYSTEM32\WINMM.dll
0x00007ff99db00000 - 0x00007ff99db0b000 	C:\WINDOWS\SYSTEM32\VERSION.dll
0x00007ff9a6d80000 - 0x00007ff9a6d94000 	C:\WINDOWS\SYSTEM32\UMPDC.dll
0x00007ff9a5c90000 - 0x00007ff9a5cab000 	C:\WINDOWS\SYSTEM32\kernel.appcore.dll
0x00007ff991d00000 - 0x00007ff991d0a000 	c:\Users\msi\.vscode\extensions\redhat.java-1.53.0-win32-x64\jre\21.0.10-win32-x86_64\bin\jimage.dll
0x00007ff9a4e80000 - 0x00007ff9a50c2000 	C:\WINDOWS\SYSTEM32\DBGHELP.DLL
0x00007ff9a94d0000 - 0x00007ff9a9852000 	C:\WINDOWS\System32\combase.dll
0x00007ff9a9b00000 - 0x00007ff9a9bd7000 	C:\WINDOWS\System32\OLEAUT32.dll
0x00007ff98b0b0000 - 0x00007ff98b0eb000 	C:\WINDOWS\SYSTEM32\dbgcore.DLL
0x00007ff9a7e60000 - 0x00007ff9a7f05000 	C:\WINDOWS\System32\bcryptPrimitives.dll
0x00007ff975d00000 - 0x00007ff975d0f000 	c:\Users\msi\.vscode\extensions\redhat.java-1.53.0-win32-x64\jre\21.0.10-win32-x86_64\bin\instrument.dll
0x00007ff980470000 - 0x00007ff980490000 	c:\Users\msi\.vscode\extensions\redhat.java-1.53.0-win32-x64\jre\21.0.10-win32-x86_64\bin\java.dll
0x00007ff9a8be0000 - 0x00007ff9a933f000 	C:\WINDOWS\System32\SHELL32.dll
0x00007ff9a6fd0000 - 0x00007ff9a713a000 	C:\WINDOWS\System32\wintypes.dll
0x00007ff9a75f0000 - 0x00007ff9a7e54000 	C:\WINDOWS\System32\windows.storage.dll
0x00007ff9a8410000 - 0x00007ff9a8507000 	C:\WINDOWS\System32\SHCORE.dll
0x00007ff9a9cb0000 - 0x00007ff9a9d17000 	C:\WINDOWS\System32\shlwapi.dll
0x00007ff9a6e60000 - 0x00007ff9a6e89000 	C:\WINDOWS\SYSTEM32\profapi.dll
0x00007ff97e2d0000 - 0x00007ff97e2e8000 	c:\Users\msi\.vscode\extensions\redhat.java-1.53.0-win32-x64\jre\21.0.10-win32-x86_64\bin\zip.dll
0x00007ff990300000 - 0x00007ff990310000 	C:\Users\msi\.vscode\extensions\redhat.java-1.53.0-win32-x64\jre\21.0.10-win32-x86_64\bin\net.dll
0x00007ff99d3b0000 - 0x00007ff99d4d7000 	C:\WINDOWS\SYSTEM32\WINHTTP.dll
0x00007ff9a61e0000 - 0x00007ff9a624b000 	C:\WINDOWS\system32\mswsock.dll
0x00007ff97c9d0000 - 0x00007ff97c9e6000 	C:\Users\msi\.vscode\extensions\redhat.java-1.53.0-win32-x64\jre\21.0.10-win32-x86_64\bin\nio.dll
0x00007ff975cf0000 - 0x00007ff975d00000 	c:\Users\msi\.vscode\extensions\redhat.java-1.53.0-win32-x64\jre\21.0.10-win32-x86_64\bin\verify.dll

JVMTI agents:
c:\Users\msi\.vscode\extensions\redhat.java-1.53.0-win32-x64\lombok\lombok-1.18.39-4050.jar path:c:\Users\msi\.vscode\extensions\redhat.java-1.53.0-win32-x64\jre\21.0.10-win32-x86_64\bin\instrument.dll, loaded, initialized, instrumentlib options:none

dbghelp: loaded successfully - version: 4.0.5 - missing functions: none
symbol engine: initialized successfully - sym options: 0x614 - pdb path: .;c:\Users\msi\.vscode\extensions\redhat.java-1.53.0-win32-x64\jre\21.0.10-win32-x86_64\bin;C:\WINDOWS\SYSTEM32;C:\WINDOWS\WinSxS\amd64_microsoft.windows.common-controls_6595b64144ccf1df_6.0.26100.8037_none_3e092faae333b53b;c:\Users\msi\.vscode\extensions\redhat.java-1.53.0-win32-x64\jre\21.0.10-win32-x86_64\bin\server

VM Arguments:
jvm_args: --add-modules=ALL-SYSTEM --add-opens=java.base/java.util=ALL-UNNAMED --add-opens=java.base/java.lang=ALL-UNNAMED --add-opens=java.base/sun.nio.fs=ALL-UNNAMED -Declipse.application=org.eclipse.jdt.ls.core.id1 -Dosgi.bundles.defaultStartLevel=4 -Declipse.product=org.eclipse.jdt.ls.core.product -Djava.import.generatesMetadataFilesAtProjectRoot=false -DDetectVMInstallationsJob.disabled=true -Dfile.encoding=utf8 -XX:+UseParallelGC -XX:GCTimeRatio=4 -XX:AdaptiveSizePolicyWeight=90 -Dsun.zip.disableMemoryMapping=true -Xmx2G -Xms100m -Xlog:disable -javaagent:c:\Users\msi\.vscode\extensions\redhat.java-1.53.0-win32-x64\lombok\lombok-1.18.39-4050.jar 
java_command: c:\Users\msi\.vscode\extensions\redhat.java-1.53.0-win32-x64\server\plugins\org.eclipse.equinox.launcher_1.7.100.v20251111-0406.jar -configuration c:\Users\msi\AppData\Roaming\Code\User\globalStorage\redhat.java\1.53.0\config_ss_win -data c:\Users\msi\AppData\Roaming\Code\User\workspaceStorage\86b507d4532ba4920f5683f1124796aa\redhat.java\ss_ws --pipe=\\.\pipe\lsp-085a0bda765511c8ee12102fde55321b-sock
java_class_path (initial): c:\Users\msi\.vscode\extensions\redhat.java-1.53.0-win32-x64\server\plugins\org.eclipse.equinox.launcher_1.7.100.v20251111-0406.jar
Launcher Type: SUN_STANDARD

[Global flags]
    uintx AdaptiveSizePolicyWeight                 = 90                                        {product} {command line}
     intx CICompilerCount                          = 4                                         {product} {ergonomic}
    uintx GCTimeRatio                              = 4                                         {product} {command line}
   size_t InitialHeapSize                          = 104857600                                 {product} {command line}
   size_t MaxHeapSize                              = 2147483648                                {product} {command line}
   size_t MaxNewSize                               = 715653120                                 {product} {ergonomic}
   size_t MinHeapDeltaBytes                        = 524288                                    {product} {ergonomic}
   size_t MinHeapSize                              = 104857600                                 {product} {command line}
   size_t NewSize                                  = 34603008                                  {product} {ergonomic}
    uintx NonNMethodCodeHeapSize                   = 5839372                                {pd product} {ergonomic}
    uintx NonProfiledCodeHeapSize                  = 122909434                              {pd product} {ergonomic}
   size_t OldSize                                  = 70254592                                  {product} {ergonomic}
    uintx ProfiledCodeHeapSize                     = 122909434                              {pd product} {ergonomic}
    uintx ReservedCodeCacheSize                    = 251658240                              {pd product} {ergonomic}
     bool SegmentedCodeCache                       = true                                      {product} {ergonomic}
   size_t SoftMaxHeapSize                          = 2147483648                             {manageable} {ergonomic}
     bool UseCompressedOops                        = true                           {product lp64_product} {ergonomic}
     bool UseLargePagesIndividualAllocation        = false                                  {pd product} {ergonomic}
     bool UseParallelGC                            = true                                      {product} {command line}

Logging:
Log output configuration:
 #0: stdout all=off uptime,level,tags foldmultilines=false
 #1: stderr all=off uptime,level,tags foldmultilines=false

Release file:
JAVA_VERSION="21.0.10" 
MODULES="java.base java.compiler java.datatransfer java.xml java.prefs java.desktop java.instrument java.logging java.management java.security.sasl java.naming java.rmi java.management.rmi java.net.http java.scripting java.security.jgss java.transaction.xa java.sql java.sql.rowset java.xml.crypto java.se java.smartcardio jdk.accessibility jdk.internal.jvmstat jdk.attach jdk.charsets jdk.internal.opt jdk.zipfs jdk.compiler jdk.crypto.ec jdk.crypto.cryptoki jdk.crypto.mscapi jdk.dynalink jdk.internal.ed jdk.editpad jdk.hotspot.agent jdk.httpserver jdk.internal.le jdk.internal.vm.ci jdk.internal.vm.compiler jdk.internal.vm.compiler.management jdk.jartool jdk.javadoc jdk.jcmd jdk.management jdk.management.agent jdk.jconsole jdk.jdeps jdk.jdwp.agent jdk.jdi jdk.jfr jdk.jshell jdk.jsobject jdk.jstatd jdk.localedata jdk.management.jfr jdk.naming.dns jdk.naming.rmi jdk.net jdk.nio.mapmode jdk.random jdk.sctp jdk.security.auth jdk.security.jgss jdk.unsupported jdk.unsupported.desktop jdk.xml.dom" 

Environment Variables:
JAVA_HOME=C:\Users\msi\AppData\Local\Programs\Eclipse Adoptium\jdk-17.0.7.7-hotspot\
PATH=C:\Users\msi\AppData\Local\Programs\Microsoft VS Code;C:\Program Files (x86)\Common Files\Oracle\Java\javapath;C:\Users\msi\AppData\Local\Programs\Python\Python38\Scripts\;C:\Users\msi\AppData\Local\Programs\Python\Python38\;C:\Program Files\Python38\Scripts\;C:\Program Files\Python38\;C:\Program Files\Python311\Scripts\;C:\Program Files\Python311\;C:\Program Files\Common Files\Oracle\Java\javapath;C:\Windows\system32;C:\Windows;C:\Windows\System32\Wbem;C:\Windows\System32\WindowsPowerShell\v1.0\;C:\Windows\System32\OpenSSH\;C:\Program Files (x86)\NVIDIA Corporation\PhysX\Common;C:\Program Files\Java\jdk-20\bin;C:\Program Files\Microsoft SQL Server\150\Tools\Binn\;C:\Program Files\Git\cmd;C:\Users\msi\AppData\Roaming\nvm;C:\Program Files\nodejs;C:\Program Files\NVIDIA Corporation\NVIDIA app\NvDLISR;C:\WINDOWS\system32;C:\WINDOWS;C:\WINDOWS\System32\Wbem;C:\WINDOWS\System32\WindowsPowerShell\v1.0\;C:\WINDOWS\System32\OpenSSH\;C:\Program Files\MySQL\MySQL Server 9.0\bin;C:\Program Files\Microsoft SQL Server\170\Tools\Binn\;C:\Program Files\Microsoft SQL Server\Client SDK\ODBC\170\Tools\Binn\;C:\Program Files\dotnet\;C:\Program Files (x86)\Windows Kits\10\Windows Performance Toolkit\;C:\Program Files\Docker\Docker\resources\bin;C:\Users\msi\.console-ninja\.bin;C:\Users\msi\AppData\Local\Programs\Eclipse Adoptium\jdk-17.0.7.7-hotspot\bin;C:\Users\msi\AppData\Local\Microsoft\WindowsApps;C:\Users\msi\.dotnet\tools;C:\Program Files\JetBrains\IntelliJ IDEA 2023.1.3\bin;C:\Program Files\Python311;C:\Program Files\Python311\Scripts\;c:\\program files\\python38\\Lib\\site-packages\\charset_normalizer;C:\src\flutter_windows_3.16.0-stable\flutter\bin;C:\Users\msi\AppData\Roaming\npm;C:\Users\msi\AppData\Roaming\nvm;C:\Program Files\nodejs;C:\Program Files\MySQL\MySQL Server 9.0\bin;C:\Users\msi\AppData\Local\Programs\Fiddler;C:\Users\msi\AppData\Local\Programs\Microsoft VS Code\bin;C:\Users\msi\AppData\Local\Microsoft\WindowsApps;C:\Users\msi\.dotnet\tools;C:\Users\msi\AppData\Local\Python\bin
USERNAME=msi
OS=Windows_NT
PROCESSOR_IDENTIFIER=Intel64 Family 6 Model 141 Stepping 1, GenuineIntel
TMP=C:\Users\msi\AppData\Local\Temp
TEMP=C:\Users\msi\AppData\Local\Temp




Periodic native trim disabled

---------------  S Y S T E M  ---------------

OS:
 Windows 11 , 64 bit Build 26100 (10.0.26100.7920)
OS uptime: 0 days 0:29 hours
Hyper-V role detected

CPU: total 12 (initial active 12) (6 cores per cpu, 2 threads per core) family 6 model 141 stepping 1 microcode 0x34, cx8, cmov, fxsr, ht, mmx, 3dnowpref, sse, sse2, sse3, ssse3, sse4.1, sse4.2, popcnt, lzcnt, tsc, tscinvbit, avx, avx2, aes, erms, clmul, bmi1, bmi2, adx, avx512f, avx512dq, avx512cd, avx512bw, avx512vl, sha, fma, vzeroupper, avx512_vpopcntdq, avx512_vpclmulqdq, avx512_vaes, avx512_vnni, clflush, clflushopt, clwb, avx512_vbmi2, avx512_vbmi, hv, rdtscp, rdpid, fsrm, gfni, avx512_bitalg, f16c, cet_ibt, cet_ss, avx512_ifma
Processor Information for the first 12 processors :
  Max Mhz: 2688, Current Mhz: 2688, Mhz Limit: 2688

Memory: 4k page, system-wide physical 16085M (799M free)
TotalPageFile size 26926M (AvailPageFile size 14M)
current process WorkingSet (physical memory assigned to process): 87M, peak: 89M
current process commit charge ("private bytes"): 244M, peak: 246M

vm_info: OpenJDK 64-Bit Server VM (21.0.10+7-LTS) for windows-amd64 JRE (21.0.10+7-LTS), built on 2026-01-20T00:00:00Z by "admin" with MS VC++ 17.12 (VS2022)

END.
